<?xml version="1.0" encoding="UTF-8"?>
<testng-results skipped="0" failed="0" ignored="0" total="1" passed="1">
  <reporter-output>
  </reporter-output>
  <suite name="Default suite" duration-ms="37166" started-at="2018-02-07T08:53:13Z" finished-at="2018-02-07T08:53:50Z">
    <groups>
    </groups>
    <test name="Default test" duration-ms="37166" started-at="2018-02-07T08:53:13Z" finished-at="2018-02-07T08:53:50Z">
      <class name="schleuniger.testcases.Test_Class">
        <test-method status="PASS" signature="setup()[pri:0, instance:schleuniger.testcases.Test_Class@66eb985d]" name="setup" is-config="true" duration-ms="6747" started-at="2018-02-07T10:53:13Z" finished-at="2018-02-07T10:53:20Z">
          <reporter-output>
          </reporter-output>
        </test-method> <!-- setup -->
        <test-method status="PASS" signature="createProduct()[pri:0, instance:schleuniger.testcases.Test_Class@66eb985d]" name="createProduct" duration-ms="29572" started-at="2018-02-07T10:53:20Z" finished-at="2018-02-07T10:53:49Z">
          <reporter-output>
          </reporter-output>
        </test-method> <!-- createProduct -->
        <test-method status="PASS" signature="tearDown()[pri:0, instance:schleuniger.testcases.Test_Class@66eb985d]" name="tearDown" is-config="true" duration-ms="670" started-at="2018-02-07T10:53:49Z" finished-at="2018-02-07T10:53:50Z">
          <reporter-output>
          </reporter-output>
        </test-method> <!-- tearDown -->
      </class> <!-- schleuniger.testcases.Test_Class -->
    </test> <!-- Default test -->
  </suite> <!-- Default suite -->
</testng-results>
